"blank"			"=========================="
"blank"			"#TF2c_KeyboardCategory_Movement"
"blank"			"=========================="
"+forward"		"#Valve_Move_Forward"
"+back"			"#Valve_Move_Back"
"+moveleft"		"#Valve_Move_Left"
"+moveright"	"#Valve_Move_Right"
"+jump"			"#Valve_Jump"
"+duck"			"#Valve_Duck"
"+moveup"		"#Valve_Swim_Up"
"+movedown"		"#Valve_Swim_Down"
"+left"			"#Valve_Turn_Left"
"+right"		"#Valve_Turn_Right"
"+lookup"		"#Valve_Look_Up"
"+lookdown"		"#Valve_Look_Down"
"blank"			"=========================="
"blank"			"#TF2c_KeyboardCategory_Combat"
"blank"			"=========================="
"+attack"		"#Valve_Primary_Attack"
"+attack2"		"#Valve_Secondary_Attack"
"+reload"		"#Valve_Reload_Weapon"
"+use"			"TF_Use"
"dropitem"		"#TF_DropFlag"
"invprev"		"#Valve_Previous_Weapon"
"invnext"		"#Valve_Next_Weapon"
"lastinv"		"#Valve_Last_Weapon_Used"
"slot1"			"#Valve_Weapon_Category_1"
"slot2"			"#Valve_Weapon_Category_2"
"slot3" 		"#Valve_Weapon_Category_3"
"slot4"			"#Valve_Weapon_Category_4"
"slot5"			"#Valve_Weapon_Category_5"
"+speed"		"#TF_ClassSkill_Spy_Spywalk"
"lastdisguise"	"#TF_ClassSkill_Spy_LastDisguise"
"disguiseteam"	"#TF_ClassSkill_Spy_DisguiseTeam"
"kill"			"#TF_Kill"
"explode"		"#TF_Explode"
"blank"			"=========================="
"blank"			"#TF2c_KeyboardCategory_Communication"
"blank"			"=========================="
"+taunt"		"#TF_Taunt"
"impulse 201"	"#Valve_Spray_Logo"
"say"			"#Valve_Chat_Message"
"say_team"		"#Valve_Team_Message"
"+voicerecord"	"#Valve_Use_Voice_Communication"
"voice_menu_1"	"#TF_Voice_Menu_A"
"voice_menu_2"	"#TF_Voice_Menu_B"
"voice_menu_3"	"#TF_Voice_Menu_C"
"+helpme"		"#TF_Voice_Menu_0_0"
"voicemenu 0 1"	"#TF_Voice_Menu_0_1"
"voicemenu 1 0"	"#TF_Voice_Menu_1_0"
"voicemenu 1 1"	"#TF_Voice_Menu_1_1"
"voicemenu 1 2"	"#TF_Voice_Menu_1_2"
"voicemenu 1 3"	"#TF_Voice_Menu_1_3"
"voicemenu 1 4"	"#TF_Voice_Menu_1_4"
"voicemenu 1 5"	"#TF_Voice_Menu_1_5"
"voicemenu 1 6"	"#TF_Voice_Menu_1_6"
"voicemenu 1 7"	"#TF_Voice_Menu_1_7"
"voicemenu 2 0"	"#TF_Voice_Menu_2_0"
"blank"			"=========================="
"blank"			"#TF2c_KeyboardCategory_UI"
"blank"			"=========================="
"+spec_next"	"#TF_Spec_Next"
"+spec_prev"	"#TF_Spec_Prev"
"+spec_mode"	"#TF_Spec_Mode"
"+showscores"	"#Valve_Display_Scores"
"changeteam"	"#Valve_Change_Team"
"changeclass"	"#Valve_Change_Class"
"open_charinfo_direct" "#TF_Open_Charinfo"
"showmapinfo"	"#TF_MapInfo"
"callvote"		"#TF_call_vote"
"player_ready_toggle"	"#TF_Player_ReadyToggle"
"screenshot"	"#Valve_Take_Screen_Shot"
"toggleconsole"	"#Valve_Console_Toggle"
"blank"			"=========================="
"blank"			"#TF2c_KeyboardCategory_Extra"
"blank"			"=========================="
"+attack3"		"#TF_Special_Attack"
"+context_action"	"#TF_Context_Action"
"+use_action_slot_item"	"#TF_Action"
"slot6"			"#Valve_Weapon_Category_6"
"slot7"			"#Valve_Weapon_Category_7"
"slot8" 		"#Valve_Weapon_Category_8"
"slot9"			"#Valve_Weapon_Category_9"
"slot0"			"#Valve_Weapon_Category_0"