"~"				"toggleconsole"
"`"				"toggleconsole"

"w"				"+forward"
"s"				"+back"
"a"				"+moveleft"
"d"				"+moveright"
"SPACE"			"+jump"
"SHIFT"			"+speed"
"CTRL"			"+duck"
"r"				"+reload"
"e"				"+helpme"
"f"				"+use"
"l"				"dropitem"
"g"				"+taunt"
"t"				"impulse 201"

"MOUSE1"		"+attack"
"MOUSE2"		"+attack2"
"MWHEELUP"		"invprev"
"MWHEELDOWN"	"invnext"

"q"				"lastinv"
"1"				"slot1"
"2"				"slot2"
"3"				"slot3"
"4"				"slot4"
"5"				"slot5"
"6"				"slot6"
"7"				"slot7"
"8"				"slot8"
"9"				"slot9"
"0"				"slot0"

"b"				"lastdisguise"
"-"				"disguiseteam"

"ENTER"			"say"
"y"				"say"
"u"				"say_team"
"z"				"voice_menu_1"
"x"				"voice_menu_2"
"c"				"voice_menu_3"
"v"				"+voicerecord"

"leftarrow"		"spec_prev"
"rightarrow"	"spec_next"
"TAB"			"+showscores"
"m"				"open_charinfo_direct"
"."				"changeteam"
","				"changeclass"
"i"				"showmapinfo"

"F4"			"player_ready_toggle"
"F5"			"screenshot"
"ESCAPE"		"escape"